09:10:51.925 [main] DEBUG org.apache.poi.ooxml.POIXMLFactory - using default POIXMLDocumentPart for http://schemas.openxmlformats.org/officeDocument/2006/relationships/printerSettings
09:10:52.011 [main] DEBUG org.apache.poi.openxml4j.opc.PackageRelationshipCollection - Parsing relationship: /xl/_rels/workbook.xml.rels
09:10:52.013 [main] DEBUG org.apache.poi.openxml4j.opc.PackageRelationshipCollection - Parsing relationship: /xl/worksheets/_rels/sheet1.xml.rels
09:10:52.018 [main] DEBUG org.apache.poi.openxml4j.opc.PackageRelationshipCollection - Parsing relationship: /_rels/.rels
09:10:52.038 [main] DEBUG org.apache.poi.ooxml.POIXMLFactory - using default POIXMLDocumentPart for http://schemas.openxmlformats.org/officeDocument/2006/relationships/printerSettings
09:10:52.079 [main] DEBUG org.apache.poi.openxml4j.opc.PackageRelationshipCollection - Parsing relationship: /xl/_rels/workbook.xml.rels
09:10:52.084 [main] DEBUG org.apache.poi.openxml4j.opc.PackageRelationshipCollection - Parsing relationship: /xl/worksheets/_rels/sheet1.xml.rels
09:10:52.086 [main] DEBUG org.apache.poi.openxml4j.opc.PackageRelationshipCollection - Parsing relationship: /_rels/.rels
09:10:52.110 [main] DEBUG org.apache.poi.ooxml.POIXMLFactory - using default POIXMLDocumentPart for http://schemas.openxmlformats.org/officeDocument/2006/relationships/printerSettings
09:10:52.136 [main] DEBUG org.apache.poi.openxml4j.opc.PackageRelationshipCollection - Parsing relationship: /xl/_rels/workbook.xml.rels
09:10:52.137 [main] DEBUG org.apache.poi.openxml4j.opc.PackageRelationshipCollection - Parsing relationship: /xl/worksheets/_rels/sheet1.xml.rels
09:10:52.139 [main] DEBUG org.apache.poi.openxml4j.opc.PackageRelationshipCollection - Parsing relationship: /_rels/.rels
09:10:52.159 [main] DEBUG org.apache.poi.ooxml.POIXMLFactory - using default POIXMLDocumentPart for http://schemas.openxmlformats.org/officeDocument/2006/relationships/printerSettings
09:10:52.189 [main] DEBUG org.apache.poi.openxml4j.opc.PackageRelationshipCollection - Parsing relationship: /xl/_rels/workbook.xml.rels
09:10:52.191 [main] DEBUG org.apache.poi.openxml4j.opc.PackageRelationshipCollection - Parsing relationship: /xl/worksheets/_rels/sheet1.xml.rels
09:10:52.195 [main] DEBUG org.apache.poi.openxml4j.opc.PackageRelationshipCollection - Parsing relationship: /_rels/.rels
09:10:52.214 [main] DEBUG org.apache.poi.ooxml.POIXMLFactory - using default POIXMLDocumentPart for http://schemas.openxmlformats.org/officeDocument/2006/relationships/printerSettings
09:10:52.260 [main] INFO  testCases.TC003_LoginDDT - ***** stating TC_003_LoginDDT ******
09:10:59.767 [main] INFO  testCases.TC003_LoginDDT - ***** Finished TC_003_LoginDDT ******
09:10:59.774 [main] INFO  testCases.TC003_LoginDDT - ***** stating TC_003_LoginDDT ******
09:11:05.525 [main] INFO  testCases.TC003_LoginDDT - ***** stating TC_003_LoginDDT ******
09:11:22.997 [main] INFO  testCases.TC003_LoginDDT - ***** Finished TC_003_LoginDDT ******
09:11:23.000 [main] INFO  testCases.TC003_LoginDDT - ***** stating TC_003_LoginDDT ******
09:11:38.247 [main] INFO  testCases.TC003_LoginDDT - ***** Finished TC_003_LoginDDT ******
09:11:38.250 [main] INFO  testCases.TC003_LoginDDT - ***** stating TC_003_LoginDDT ******
09:11:44.683 [main] INFO  testCases.TC003_LoginDDT - ***** Finished TC_003_LoginDDT ******
09:11:44.686 [main] INFO  testCases.TC003_LoginDDT - ***** stating TC_003_LoginDDT ******
09:11:59.981 [main] INFO  testCases.TC003_LoginDDT - ***** Finished TC_003_LoginDDT ******
09:14:03.479 [main] DEBUG org.testng.TestNG - suiteXmlPath: "F:\DPS_Hybrid_Automation_Framework\OpencartV121\master.xml"
09:14:10.188 [main] INFO  testCases.TC001_AccountRegistrationTest - Starting TC001_AccountRegistrationTest
09:14:11.649 [main] INFO  testCases.TC001_AccountRegistrationTest - Clicked on MyAccount link
09:14:12.881 [main] INFO  testCases.TC001_AccountRegistrationTest - Clicked on Register link
09:14:12.885 [main] INFO  testCases.TC001_AccountRegistrationTest - Providing customer details..
09:14:15.840 [main] INFO  testCases.TC001_AccountRegistrationTest - Validating expected message
09:14:15.918 [main] INFO  testCases.TC001_AccountRegistrationTest - Validation is success
09:14:15.919 [main] INFO  testCases.TC001_AccountRegistrationTest - End of TC001_AccountRegistrationTest
09:14:20.898 [main] INFO  testCases.TC002_LoginTest - Start of TC002_LoginTest...
09:14:22.158 [main] INFO  testCases.TC002_LoginTest - clicked on MyAccount link
09:14:23.138 [main] INFO  testCases.TC002_LoginTest - clicked on Login link
09:14:25.083 [main] INFO  testCases.TC002_LoginTest - Provided email and password and clicked on Login button
09:14:25.147 [main] INFO  testCases.TC002_LoginTest - Logged into MyAccount page
09:14:25.149 [main] INFO  testCases.TC002_LoginTest - End of TC002_LoginTest...
13:47:31.889 [main] DEBUG org.testng.TestNG - suiteXmlPath: "F:\DPS_Hybrid_Automation_Framework\OpencartV121\master.xml"
